<?xml version="1.0" encoding="UTF-8"?>
<!-- Generated by org.testng.reporters.JUnitXMLReporter -->
<testsuite ignored="0" hostname="SurLenovo" failures="0" tests="10" name="Default test" time="17.822" errors="0" timestamp="2022-09-27T08:49:11 PDT">
  <testcase classname="ds.algo.testcases.TestSignIN" name="AllfieldEmpty" time="0.2"/>
  <testcase classname="ds.algo.testcases.TestSignIN" name="EmptyUserPwd" time="0.101"/>
  <testcase classname="ds.algo.testcases.TestSignIN" name="InvalidUserName" time="0.576"/>
  <testcase classname="ds.algo.testcases.TestSignIN" name="InvalidUserName" time="0.641"/>
  <testcase classname="ds.algo.testcases.TestSignIN" name="InvalidUserName" time="0.563"/>
  <testcase classname="ds.algo.testcases.TestSignIN" name="InvalidUserName" time="0.467"/>
  <testcase classname="ds.algo.testcases.TestSignIN" name="InvalidUserName" time="0.499"/>
  <testcase classname="ds.algo.testcases.TestSignIN" name="InvalidUserPwd" time="0.498"/>
  <testcase classname="ds.algo.testcases.TestSignIN" name="PasswrdEmpty" time="0.207"/>
  <testcase classname="ds.algo.testcases.TestSignIN" name="SucessLogin" time="1.9"/>
</testsuite> <!-- Default test -->
